c:\users\iamse\documents\visual studio 2013\projects\pma-redux\pma-redux\debug\vc120.pdb
c:\users\iamse\documents\visual studio 2013\projects\pma-redux\pma-redux\debug\vc120.idb
c:\users\iamse\documents\visual studio 2013\projects\pma-redux\pma-redux\debug\bugfix.obj
c:\users\iamse\documents\visual studio 2013\projects\pma-redux\pma-redux\debug\dataczar.obj
c:\users\iamse\documents\visual studio 2013\projects\pma-redux\pma-redux\debug\datetime.obj
c:\users\iamse\documents\visual studio 2013\projects\pma-redux\pma-redux\debug\magicstr.obj
c:\users\iamse\documents\visual studio 2013\projects\pma-redux\pma-redux\debug\meeting.obj
c:\users\iamse\documents\visual studio 2013\projects\pma-redux\pma-redux\debug\menusystem.obj
c:\users\iamse\documents\visual studio 2013\projects\pma-redux\pma-redux\debug\person.obj
c:\users\iamse\documents\visual studio 2013\projects\pma-redux\pma-redux\debug\project.obj
c:\users\iamse\documents\visual studio 2013\projects\pma-redux\pma-redux\debug\research.obj
c:\users\iamse\documents\visual studio 2013\projects\pma-redux\pma-redux\debug\runtimemenu.obj
c:\users\iamse\documents\visual studio 2013\projects\pma-redux\pma-redux\debug\source.obj
c:\users\iamse\documents\visual studio 2013\projects\pma-redux\pma-redux\debug\task.obj
c:\users\iamse\documents\visual studio 2013\projects\pma-redux\pma-redux\debug\timeallocation.obj
c:\users\iamse\documents\visual studio 2013\projects\pma-redux\pma-redux\debug\tinyxml2.obj
c:\users\iamse\documents\visual studio 2013\projects\pma-redux\pma-redux\debug\utils.obj
c:\users\iamse\documents\visual studio 2013\projects\pma-redux\pma-redux\debug\workdone.obj
c:\users\iamse\documents\visual studio 2013\projects\pma-redux\pma-redux\debug\xmltutorial.obj
c:\users\iamse\documents\visual studio 2015\projects\projectmanagementapplication\pma-redux\debug\vc120.pdb
c:\users\iamse\documents\visual studio 2015\projects\projectmanagementapplication\pma-redux\debug\vc120.idb
c:\users\iamse\documents\visual studio 2015\projects\projectmanagementapplication\pma-redux\debug\bugfix.obj
c:\users\iamse\documents\visual studio 2015\projects\projectmanagementapplication\pma-redux\debug\dataczar.obj
c:\users\iamse\documents\visual studio 2015\projects\projectmanagementapplication\pma-redux\debug\datetime.obj
c:\users\iamse\documents\visual studio 2015\projects\projectmanagementapplication\pma-redux\debug\magicstr.obj
c:\users\iamse\documents\visual studio 2015\projects\projectmanagementapplication\pma-redux\debug\meeting.obj
c:\users\iamse\documents\visual studio 2015\projects\projectmanagementapplication\pma-redux\debug\menusystem.obj
c:\users\iamse\documents\visual studio 2015\projects\projectmanagementapplication\pma-redux\debug\person.obj
c:\users\iamse\documents\visual studio 2015\projects\projectmanagementapplication\pma-redux\debug\project.obj
c:\users\iamse\documents\visual studio 2015\projects\projectmanagementapplication\pma-redux\debug\research.obj
c:\users\iamse\documents\visual studio 2015\projects\projectmanagementapplication\pma-redux\debug\runtimemenu.obj
c:\users\iamse\documents\visual studio 2015\projects\projectmanagementapplication\pma-redux\debug\source.obj
c:\users\iamse\documents\visual studio 2015\projects\projectmanagementapplication\pma-redux\debug\task.obj
c:\users\iamse\documents\visual studio 2015\projects\projectmanagementapplication\pma-redux\debug\timeallocation.obj
c:\users\iamse\documents\visual studio 2015\projects\projectmanagementapplication\pma-redux\debug\tinyxml2.obj
c:\users\iamse\documents\visual studio 2015\projects\projectmanagementapplication\pma-redux\debug\utils.obj
c:\users\iamse\documents\visual studio 2015\projects\projectmanagementapplication\pma-redux\debug\workdone.obj
c:\users\iamse\documents\visual studio 2015\projects\projectmanagementapplication\pma-redux\debug\xmltutorial.obj
c:\users\iamse\documents\visual studio 2013\projects\pma-redux\debug\pma-redux.ilk
c:\users\iamse\documents\visual studio 2013\projects\pma-redux\debug\pma-redux.exe
c:\users\iamse\documents\visual studio 2013\projects\pma-redux\debug\pma-redux.pdb
c:\users\iamse\documents\visual studio 2015\projects\projectmanagementapplication\debug\pma-redux.ilk
c:\users\iamse\documents\visual studio 2015\projects\projectmanagementapplication\debug\pma-redux.exe
c:\users\iamse\documents\visual studio 2015\projects\projectmanagementapplication\debug\pma-redux.pdb
c:\users\iamse\documents\visual studio 2015\projects\projectmanagementapplication\pma-redux\debug\pma-redux.tlog\cl.command.1.tlog
c:\users\iamse\documents\visual studio 2015\projects\projectmanagementapplication\pma-redux\debug\pma-redux.tlog\cl.read.1.tlog
c:\users\iamse\documents\visual studio 2015\projects\projectmanagementapplication\pma-redux\debug\pma-redux.tlog\cl.write.1.tlog
c:\users\iamse\documents\visual studio 2015\projects\projectmanagementapplication\pma-redux\debug\pma-redux.tlog\link.command.1.tlog
c:\users\iamse\documents\visual studio 2015\projects\projectmanagementapplication\pma-redux\debug\pma-redux.tlog\link.read.1.tlog
c:\users\iamse\documents\visual studio 2015\projects\projectmanagementapplication\pma-redux\debug\pma-redux.tlog\link.write.1.tlog
