c:\users\iamse\documents\visual studio 2015\projects\projectmanagementapplication\projectmanagementapplication\debug\vc140.pdb
c:\users\iamse\documents\visual studio 2015\projects\projectmanagementapplication\projectmanagementapplication\debug\vc140.idb
c:\users\iamse\documents\visual studio 2015\projects\projectmanagementapplication\projectmanagementapplication\debug\datetime.obj
c:\users\iamse\documents\visual studio 2015\projects\projectmanagementapplication\projectmanagementapplication\debug\source.obj
c:\users\iamse\documents\visual studio 2015\projects\projectmanagementapplication\projectmanagementapplication\debug\parser.obj
c:\users\iamse\documents\visual studio 2015\projects\projectmanagementapplication\projectmanagementapplication\debug\tinyxml2.obj
c:\users\iamse\documents\visual studio 2015\projects\projectmanagementapplication\projectmanagementapplication\debug\bugfix.obj
c:\users\iamse\documents\visual studio 2015\projects\projectmanagementapplication\projectmanagementapplication\debug\meeting.obj
c:\users\iamse\documents\visual studio 2015\projects\projectmanagementapplication\projectmanagementapplication\debug\workdone.obj
c:\users\iamse\documents\visual studio 2015\projects\projectmanagementapplication\projectmanagementapplication\debug\project.obj
c:\users\iamse\documents\visual studio 2015\projects\projectmanagementapplication\projectmanagementapplication\debug\timeallocation.obj
c:\users\iamse\documents\visual studio 2015\projects\projectmanagementapplication\projectmanagementapplication\debug\task.obj
c:\users\iamse\documents\visual studio 2015\projects\projectmanagementapplication\projectmanagementapplication\debug\xmltutorial.obj
c:\users\iamse\documents\visual studio 2015\projects\projectmanagementapplication\projectmanagementapplication\debug\dataczar.obj
c:\users\iamse\documents\visual studio 2015\projects\projectmanagementapplication\projectmanagementapplication\debug\datadisplayer.obj
c:\users\iamse\documents\visual studio 2015\projects\projectmanagementapplication\debug\projectmanagementapplication.ilk
c:\users\iamse\documents\visual studio 2015\projects\projectmanagementapplication\debug\projectmanagementapplication.exe
c:\users\iamse\documents\visual studio 2015\projects\projectmanagementapplication\debug\projectmanagementapplication.pdb
c:\users\iamse\documents\visual studio 2015\projects\projectmanagementapplication\projectmanagementapplication\debug\projectm.5fb14685.tlog\cl.command.1.tlog
c:\users\iamse\documents\visual studio 2015\projects\projectmanagementapplication\projectmanagementapplication\debug\projectm.5fb14685.tlog\cl.read.1.tlog
c:\users\iamse\documents\visual studio 2015\projects\projectmanagementapplication\projectmanagementapplication\debug\projectm.5fb14685.tlog\cl.write.1.tlog
c:\users\iamse\documents\visual studio 2015\projects\projectmanagementapplication\projectmanagementapplication\debug\projectm.5fb14685.tlog\link.command.1.tlog
c:\users\iamse\documents\visual studio 2015\projects\projectmanagementapplication\projectmanagementapplication\debug\projectm.5fb14685.tlog\link.read.1.tlog
c:\users\iamse\documents\visual studio 2015\projects\projectmanagementapplication\projectmanagementapplication\debug\projectm.5fb14685.tlog\link.write.1.tlog
